<?xml version="1.0" encoding="UTF-8"?>
<testng-results skipped="0" failed="0" ignored="0" total="2" passed="2">
  <reporter-output>
  </reporter-output>
  <suite name="testCases.Test_Class" duration-ms="78643" started-at="2019-09-11T22:13:15 IST" finished-at="2019-09-11T22:14:34 IST">
    <groups>
    </groups>
    <test name="Command line test" duration-ms="78643" started-at="2019-09-11T22:13:15 IST" finished-at="2019-09-11T22:14:34 IST">
      <class name="testCases.Test_Class">
        <test-method status="PASS" signature="beforeSuite()[pri:0, instance:testCases.Test_Class@17cd7a0]" name="beforeSuite" is-config="true" duration-ms="4997" started-at="2019-09-11T22:13:10 IST" finished-at="2019-09-11T22:13:15 IST">
          <reporter-output>
          </reporter-output>
        </test-method> <!-- beforeSuite -->
        <test-method status="PASS" signature="beforeTest(java.lang.reflect.Method)[pri:0, instance:testCases.Test_Class@17cd7a0]" name="beforeTest" is-config="true" duration-ms="34201" started-at="2019-09-11T22:13:15 IST" finished-at="2019-09-11T22:13:49 IST">
          <params>
            <param index="0">
              <value>
                <![CDATA[public void testCases.Test_Class.launchingFlipkart(java.lang.String,java.lang.String) throws java.io.IOException]]>
              </value>
            </param>
          </params>
          <reporter-output>
          </reporter-output>
        </test-method> <!-- beforeTest -->
        <test-method status="PASS" signature="launchingFlipkart(java.lang.String, java.lang.String)[pri:0, instance:testCases.Test_Class@17cd7a0]" name="launchingFlipkart" duration-ms="22745" started-at="2019-09-11T22:13:49 IST" data-provider="getDataFromDataProvider" finished-at="2019-09-11T22:14:12 IST">
          <params>
            <param index="0">
              <value>
                <![CDATA[singlashubham434@gmail.com]]>
              </value>
            </param>
            <param index="1">
              <value>
                <![CDATA[Sajan@319]]>
              </value>
            </param>
          </params>
          <reporter-output>
          </reporter-output>
        </test-method> <!-- launchingFlipkart -->
        <test-method status="PASS" signature="afterTest(org.testng.ITestResult)[pri:0, instance:testCases.Test_Class@17cd7a0]" name="afterTest" is-config="true" duration-ms="1209" started-at="2019-09-11T22:14:12 IST" finished-at="2019-09-11T22:14:13 IST">
          <params>
            <param index="0">
              <value>
                <![CDATA[[TestResult name=launchingFlipkart status=SUCCESS method=Test_Class.launchingFlipkart(java.lang.String, java.lang.String)[pri:0, instance:testCases.Test_Class@17cd7a0] output={null}]]]>
              </value>
            </param>
          </params>
          <reporter-output>
          </reporter-output>
        </test-method> <!-- afterTest -->
        <test-method status="PASS" signature="beforeTest(java.lang.reflect.Method)[pri:0, instance:testCases.Test_Class@17cd7a0]" name="beforeTest" is-config="true" duration-ms="8446" started-at="2019-09-11T22:14:13 IST" finished-at="2019-09-11T22:14:22 IST">
          <params>
            <param index="0">
              <value>
                <![CDATA[public void testCases.Test_Class.launchingFlipkart(java.lang.String,java.lang.String) throws java.io.IOException]]>
              </value>
            </param>
          </params>
          <reporter-output>
          </reporter-output>
        </test-method> <!-- beforeTest -->
        <test-method status="PASS" signature="launchingFlipkart(java.lang.String, java.lang.String)[pri:0, instance:testCases.Test_Class@17cd7a0]" name="launchingFlipkart" duration-ms="8948" started-at="2019-09-11T22:14:22 IST" data-provider="getDataFromDataProvider" finished-at="2019-09-11T22:14:31 IST">
          <params>
            <param index="0">
              <value>
                <![CDATA[shubhamsingla80@gmail.com]]>
              </value>
            </param>
            <param index="1">
              <value>
                <![CDATA[Sajan@320]]>
              </value>
            </param>
          </params>
          <reporter-output>
          </reporter-output>
        </test-method> <!-- launchingFlipkart -->
        <test-method status="PASS" signature="afterTest(org.testng.ITestResult)[pri:0, instance:testCases.Test_Class@17cd7a0]" name="afterTest" is-config="true" duration-ms="2838" started-at="2019-09-11T22:14:31 IST" finished-at="2019-09-11T22:14:34 IST">
          <params>
            <param index="0">
              <value>
                <![CDATA[[TestResult name=launchingFlipkart status=SUCCESS method=Test_Class.launchingFlipkart(java.lang.String, java.lang.String)[pri:0, instance:testCases.Test_Class@17cd7a0] output={null}]]]>
              </value>
            </param>
          </params>
          <reporter-output>
          </reporter-output>
        </test-method> <!-- afterTest -->
        <test-method status="PASS" signature="endReport()[pri:0, instance:testCases.Test_Class@17cd7a0]" name="endReport" is-config="true" duration-ms="1190" started-at="2019-09-11T22:14:35 IST" finished-at="2019-09-11T22:14:36 IST">
          <reporter-output>
          </reporter-output>
        </test-method> <!-- endReport -->
      </class> <!-- testCases.Test_Class -->
    </test> <!-- Command line test -->
  </suite> <!-- testCases.Test_Class -->
</testng-results>
